<?xml version="1.0" encoding="UTF-8"?>
<!-- Generated by org.testng.reporters.JUnitXMLReporter -->
<testsuite ignored="0" hostname="LAPTOP-DCSLAHO4" failures="0" tests="4" name="Default test" time="110.272" errors="0" timestamp="2023-01-27T00:53:58 IST">
  <testcase classname="neoStockTestClasses.ValidateNeoStockUserName2_data_Provider" name="ValidateAccountBalance" time="17.455"/>
  <testcase classname="neoStockTestClasses.ValidateNeoStockUserName2_data_Provider" name="ValidateAccountBalance" time="14.195"/>
  <testcase classname="neoStockTestClasses.ValidateNeoStockUserName2_data_Provider" name="ValidateAccountBalance" time="11.88"/>
  <testcase classname="neoStockTestClasses.ValidateNeoStockUserName2_data_Provider" name="ValidateUserName" time="13.682"/>
</testsuite> <!-- Default test -->
